set %%\hyperref[parameters:Dimension]{Dimension}%                              = 2%% \index[prmindex]{Dimension} \index[prmindexfull]{Dimension} %
set %%\hyperref[parameters:Start time]{Start time}%                             = 0%% \index[prmindex]{Start time} \index[prmindexfull]{Start time} %
set %%\hyperref[parameters:End time]{End time}%                               = 0%% \index[prmindex]{End time} \index[prmindexfull]{End time} %
set %%\hyperref[parameters:Output directory]{Output directory}%                       = output_sinker%% \index[prmindex]{Output directory} \index[prmindexfull]{Output directory} %

set %%\hyperref[parameters:Linear solver tolerance]{Linear solver tolerance}%                = 1e-7%% \index[prmindex]{Linear solver tolerance} \index[prmindexfull]{Linear solver tolerance} %
set %%\hyperref[parameters:Pressure normalization]{Pressure normalization}%                 = volume%% \index[prmindex]{Pressure normalization} \index[prmindexfull]{Pressure normalization} %


subsection %%\hyperref[parameters:Geometry_20model]{Geometry model}%
  set %%\hyperref[parameters:Geometry model/Model name]{Model name}% = box%% \index[prmindex]{Model name} \index[prmindexfull]{Geometry model!Model name} %
  subsection %%\hyperref[parameters:Geometry_20model/Box]{Box}%
    set %%\hyperref[parameters:Geometry model/Box/X extent]{X extent}%  = 1.0000%% \index[prmindex]{X extent} \index[prmindexfull]{Geometry model!Box!X extent} %
    set %%\hyperref[parameters:Geometry model/Box/Y extent]{Y extent}%  = 1.0000%% \index[prmindex]{Y extent} \index[prmindexfull]{Geometry model!Box!Y extent} %
  end
end

subsection %%\hyperref[parameters:Model_20settings]{Model settings}%
  set %%\hyperref[parameters:Model settings/Include adiabatic heating]{Include adiabatic heating}%               = false%% \index[prmindex]{Include adiabatic heating} \index[prmindexfull]{Model settings!Include adiabatic heating} %
  set %%\hyperref[parameters:Model settings/Include shear heating]{Include shear heating}%                   = false%% \index[prmindex]{Include shear heating} \index[prmindexfull]{Model settings!Include shear heating} %
  set %%\hyperref[parameters:Model settings/Tangential velocity boundary indicators]{Tangential velocity boundary indicators}% = %% \index[prmindex]{Tangential velocity boundary indicators} \index[prmindexfull]{Model settings!Tangential velocity boundary indicators} %
  set %%\hyperref[parameters:Model settings/Zero velocity boundary indicators]{Zero velocity boundary indicators}%       = left, right, bottom, top%% \index[prmindex]{Zero velocity boundary indicators} \index[prmindexfull]{Model settings!Zero velocity boundary indicators} %
end

subsection %%\hyperref[parameters:Material_20model]{Material model}%
  set %%\hyperref[parameters:Material model/Model name]{Model name}% = simple%% \index[prmindex]{Model name} \index[prmindexfull]{Material model!Model name} %

  subsection %%\hyperref[parameters:Material_20model/Simple_20model]{Simple model}%
    set %%\hyperref[parameters:Material model/Simple model/Reference density]{Reference density}%             = 1%% \index[prmindex]{Reference density} \index[prmindexfull]{Material model!Simple model!Reference density} %
    set %%\hyperref[parameters:Material model/Simple model/Viscosity]{Viscosity}%                     = 1%% \index[prmindex]{Viscosity} \index[prmindexfull]{Material model!Simple model!Viscosity} %
    set %%\hyperref[parameters:Material model/Simple model/Thermal expansion coefficient]{Thermal expansion coefficient}% = 0%% \index[prmindex]{Thermal expansion coefficient} \index[prmindexfull]{Material model!Simple model!Thermal expansion coefficient} %
    set %%\hyperref[parameters:Material model/Simple model/Composition viscosity prefactor]{Composition viscosity prefactor}% = 1e6%% \index[prmindex]{Composition viscosity prefactor} \index[prmindexfull]{Material model!Simple model!Composition viscosity prefactor} %
    set %%\hyperref[parameters:Material model/Simple model/Density differential for compositional field 1]{Density differential for compositional field 1}% = 10%% \index[prmindex]{Density differential for compositional field 1} \index[prmindexfull]{Material model!Simple model!Density differential for compositional field 1} %
  end

  set %%\hyperref[parameters:Material model/Material averaging]{Material averaging}% = none%% \index[prmindex]{Material averaging} \index[prmindexfull]{Material model!Material averaging} %
end

subsection %%\hyperref[parameters:Gravity_20model]{Gravity model}%
  set %%\hyperref[parameters:Gravity model/Model name]{Model name}% = vertical%% \index[prmindex]{Model name} \index[prmindexfull]{Gravity model!Model name} %
  subsection %%\hyperref[parameters:Gravity_20model/Vertical]{Vertical}%
    set %%\hyperref[parameters:Gravity model/Vertical/Magnitude]{Magnitude}% = 1%% \index[prmindex]{Magnitude} \index[prmindexfull]{Gravity model!Vertical!Magnitude} %
  end
end


############### Parameters describing the temperature field
# Note: The temperature plays no role in this model

subsection %%\hyperref[parameters:Boundary_20temperature_20model]{Boundary temperature model}%
  set %%\hyperref[parameters:Boundary temperature model/Model name]{Model name}% = box%% \index[prmindex]{Model name} \index[prmindexfull]{Boundary temperature model!Model name} %
end

subsection %%\hyperref[parameters:Initial_20conditions]{Initial conditions}%
  set %%\hyperref[parameters:Initial conditions/Model name]{Model name}% = function%% \index[prmindex]{Model name} \index[prmindexfull]{Initial conditions!Model name} %
  subsection %%\hyperref[parameters:Initial_20conditions/Function]{Function}%
    set %%\hyperref[parameters:Initial conditions/Function/Function expression]{Function expression}% = 0%% \index[prmindex]{Function expression} \index[prmindexfull]{Initial conditions!Function!Function expression} %
  end
end


############### Parameters describing the compositional field
# Note: The compositional field is what drives the flow
# in this example

subsection %%\hyperref[parameters:Compositional_20fields]{Compositional fields}%
  set %%\hyperref[parameters:Compositional fields/Number of fields]{Number of fields}% = 1%% \index[prmindex]{Number of fields} \index[prmindexfull]{Compositional fields!Number of fields} %
end

subsection %%\hyperref[parameters:Compositional_20initial_20conditions]{Compositional initial conditions}%
  set %%\hyperref[parameters:Compositional initial conditions/Model name]{Model name}% = function%% \index[prmindex]{Model name} \index[prmindexfull]{Compositional initial conditions!Model name} %
  subsection %%\hyperref[parameters:Compositional_20initial_20conditions/Function]{Function}%
    set %%\hyperref[parameters:Compositional initial conditions/Function/Variable names]{Variable names}%      = x,y%% \index[prmindex]{Variable names} \index[prmindexfull]{Compositional initial conditions!Function!Variable names} %
    set %%\hyperref[parameters:Compositional initial conditions/Function/Function expression]{Function expression}% = if( (sqrt((x-0.5)^2+(y-0.5)^2)>0.22) , 0 , 1 )%% \index[prmindex]{Function expression} \index[prmindexfull]{Compositional initial conditions!Function!Function expression} %
  end
end


############### Parameters describing the discretization

subsection %%\hyperref[parameters:Mesh_20refinement]{Mesh refinement}%
  set %%\hyperref[parameters:Mesh refinement/Initial global refinement]{Initial global refinement}%          = 6%% \index[prmindex]{Initial global refinement} \index[prmindexfull]{Mesh refinement!Initial global refinement} %
  set %%\hyperref[parameters:Mesh refinement/Initial adaptive refinement]{Initial adaptive refinement}%        = 0%% \index[prmindex]{Initial adaptive refinement} \index[prmindexfull]{Mesh refinement!Initial adaptive refinement} %
end



############### Parameters describing what to do with the solution

subsection %%\hyperref[parameters:Postprocess]{Postprocess}%
  set %%\hyperref[parameters:Postprocess/List of postprocessors]{List of postprocessors}% = visualization, velocity statistics, composition statistics%% \index[prmindex]{List of postprocessors} \index[prmindexfull]{Postprocess!List of postprocessors} %
  subsection %%\hyperref[parameters:Postprocess/Visualization]{Visualization}%
    set %%\hyperref[parameters:Postprocess/Visualization/Output format]{Output format}%                 = vtu%% \index[prmindex]{Output format} \index[prmindexfull]{Postprocess!Visualization!Output format} %
    set %%\hyperref[parameters:Postprocess/Visualization/Time between graphical output]{Time between graphical output}% = 0%% \index[prmindex]{Time between graphical output} \index[prmindexfull]{Postprocess!Visualization!Time between graphical output} %
    set %%\hyperref[parameters:Postprocess/Visualization/List of output variables]{List of output variables}% = density, viscosity%% \index[prmindex]{List of output variables} \index[prmindexfull]{Postprocess!Visualization!List of output variables} %
  end
end
