set %%\hyperref[parameters:Dimension]{Dimension}%                              = 3%% \index[prmindex]{Dimension} \index[prmindexfull]{Dimension} %

subsection %%\hyperref[parameters:Geometry_20model]{Geometry model}%
  set %%\hyperref[parameters:Geometry model/Model name]{Model name}% = box%% \index[prmindex]{Model name} \index[prmindexfull]{Geometry model!Model name} %

  subsection %%\hyperref[parameters:Geometry_20model/Box]{Box}%
    set %%\hyperref[parameters:Geometry model/Box/X extent]{X extent}% = 1%% \index[prmindex]{X extent} \index[prmindexfull]{Geometry model!Box!X extent} %
    set %%\hyperref[parameters:Geometry model/Box/Y extent]{Y extent}% = 1%% \index[prmindex]{Y extent} \index[prmindexfull]{Geometry model!Box!Y extent} %
    set %%\hyperref[parameters:Geometry model/Box/Z extent]{Z extent}% = 1%% \index[prmindex]{Z extent} \index[prmindexfull]{Geometry model!Box!Z extent} %
  end
end

subsection %%\hyperref[parameters:Boundary_20temperature_20model]{Boundary temperature model}%
  set %%\hyperref[parameters:Boundary temperature model/Model name]{Model name}% = box%% \index[prmindex]{Model name} \index[prmindexfull]{Boundary temperature model!Model name} %

  subsection %%\hyperref[parameters:Boundary_20temperature_20model/Box]{Box}%
    set %%\hyperref[parameters:Boundary temperature model/Box/Bottom temperature]{Bottom temperature}% = 1%% \index[prmindex]{Bottom temperature} \index[prmindexfull]{Boundary temperature model!Box!Bottom temperature} %
    set %%\hyperref[parameters:Boundary temperature model/Box/Top temperature]{Top temperature}%    = 0%% \index[prmindex]{Top temperature} \index[prmindexfull]{Boundary temperature model!Box!Top temperature} %
  end
end

subsection %%\hyperref[parameters:Model_20settings]{Model settings}%
  set %%\hyperref[parameters:Model settings/Fixed temperature boundary indicators]{Fixed temperature boundary indicators}%   = bottom, top%% \index[prmindex]{Fixed temperature boundary indicators} \index[prmindexfull]{Model settings!Fixed temperature boundary indicators} %

  set %%\hyperref[parameters:Model settings/Zero velocity boundary indicators]{Zero velocity boundary indicators}%       =%% \index[prmindex]{Zero velocity boundary indicators} \index[prmindexfull]{Model settings!Zero velocity boundary indicators} %
  set %%\hyperref[parameters:Model settings/Prescribed velocity boundary indicators]{Prescribed velocity boundary indicators}% =%% \index[prmindex]{Prescribed velocity boundary indicators} \index[prmindexfull]{Model settings!Prescribed velocity boundary indicators} %
  set %%\hyperref[parameters:Model settings/Tangential velocity boundary indicators]{Tangential velocity boundary indicators}% = left, right, front, back, bottom, top%% \index[prmindex]{Tangential velocity boundary indicators} \index[prmindexfull]{Model settings!Tangential velocity boundary indicators} %
end
