# At the top, we define the number of space dimensions we would like to
# work in:
set %%\hyperref[parameters:Dimension]{Dimension}%                              = 2%% \index[prmindex]{Dimension} \index[prmindexfull]{Dimension} %

# There are several global variables that have to do with what
# time system we want to work in and what the end time is. We
# also designate an output directory.
set %%\hyperref[parameters:Use years in output instead of seconds]{Use years in output instead of seconds}% = false%% \index[prmindex]{Use years in output instead of seconds} \index[prmindexfull]{Use years in output instead of seconds} %
set %%\hyperref[parameters:End time]{End time}%                               = 0.5%% \index[prmindex]{End time} \index[prmindexfull]{End time} %
set %%\hyperref[parameters:Output directory]{Output directory}%                       = output%% \index[prmindex]{Output directory} \index[prmindexfull]{Output directory} %

# Then there are variables that describe the tolerance of
# the linear solver as well as how the pressure should
# be normalized. Here, we choose a zero average pressure
# at the surface of the domain (for the current geometry, the
# surface is defined as the top boundary).
set %%\hyperref[parameters:Linear solver tolerance]{Linear solver tolerance}%                = 1e-7%% \index[prmindex]{Linear solver tolerance} \index[prmindexfull]{Linear solver tolerance} %
set %%\hyperref[parameters:Temperature solver tolerance]{Temperature solver tolerance}%           = 1e-10%% \index[prmindex]{Temperature solver tolerance} \index[prmindexfull]{Temperature solver tolerance} %

set %%\hyperref[parameters:Pressure normalization]{Pressure normalization}%                 = surface%% \index[prmindex]{Pressure normalization} \index[prmindexfull]{Pressure normalization} %
set %%\hyperref[parameters:Surface pressure]{Surface pressure}%                       = 0%% \index[prmindex]{Surface pressure} \index[prmindexfull]{Surface pressure} %


# Then come a number of sections that deal with the setup
# of the problem to solve. The first one deals with the
# geometry of the domain within which we want to solve.
# The sections that follow all have the same basic setup
# where we select the name of a particular model (here,
# the box geometry) and then, in a further subsection,
# set the parameters that are specific to this particular
# model.
subsection %%\hyperref[parameters:Geometry_20model]{Geometry model}%
  set %%\hyperref[parameters:Geometry model/Model name]{Model name}% = box%% \index[prmindex]{Model name} \index[prmindexfull]{Geometry model!Model name} %

  subsection %%\hyperref[parameters:Geometry_20model/Box]{Box}%
    set %%\hyperref[parameters:Geometry model/Box/X extent]{X extent}% = 1%% \index[prmindex]{X extent} \index[prmindexfull]{Geometry model!Box!X extent} %
    set %%\hyperref[parameters:Geometry model/Box/Y extent]{Y extent}% = 1%% \index[prmindex]{Y extent} \index[prmindexfull]{Geometry model!Box!Y extent} %
  end
end


# The next section deals with the initial conditions for the
# temperature (there are no initial conditions for the
# velocity variable since the velocity is assumed to always
# be in a static equilibrium with the temperature field).
# There are a number of models with the 'function' model
# a generic one that allows us to enter the actual initial
# conditions in the form of a formula that can contain
# constants. We choose a linear temperature profile that
# matches the boundary conditions defined below plus
# a small perturbation:
subsection %%\hyperref[parameters:Initial_20conditions]{Initial conditions}%
  set %%\hyperref[parameters:Initial conditions/Model name]{Model name}% = function%% \index[prmindex]{Model name} \index[prmindexfull]{Initial conditions!Model name} %

  subsection %%\hyperref[parameters:Initial_20conditions/Function]{Function}%
    set %%\hyperref[parameters:Initial conditions/Function/Variable names]{Variable names}%      = x,z%% \index[prmindex]{Variable names} \index[prmindexfull]{Initial conditions!Function!Variable names} %
    set %%\hyperref[parameters:Initial conditions/Function/Function constants]{Function constants}%  = p=0.01, L=1, pi=3.1415926536, k=1%% \index[prmindex]{Function constants} \index[prmindexfull]{Initial conditions!Function!Function constants} %
    set %%\hyperref[parameters:Initial conditions/Function/Function expression]{Function expression}% = (1.0-z) - p*cos(k*pi*x/L)*sin(pi*z)%% \index[prmindex]{Function expression} \index[prmindexfull]{Initial conditions!Function!Function expression} %
  end
end


# Then follows a section that describes the boundary conditions
# for the temperature. The model we choose is called 'box' and
# allows to set a constant temperature on each of the four sides
# of the box geometry. In our case, we choose something that is
# heated from below and cooled from above. (As will be seen
# in the next section, the actual temperature prescribed here
# at the left and right does not matter.)
subsection %%\hyperref[parameters:Boundary_20temperature_20model]{Boundary temperature model}%
  set %%\hyperref[parameters:Boundary temperature model/Model name]{Model name}% = box%% \index[prmindex]{Model name} \index[prmindexfull]{Boundary temperature model!Model name} %

  subsection %%\hyperref[parameters:Boundary_20temperature_20model/Box]{Box}%
    set %%\hyperref[parameters:Boundary temperature model/Box/Bottom temperature]{Bottom temperature}% = 1%% \index[prmindex]{Bottom temperature} \index[prmindexfull]{Boundary temperature model!Box!Bottom temperature} %
    set %%\hyperref[parameters:Boundary temperature model/Box/Left temperature]{Left temperature}%   = 0%% \index[prmindex]{Left temperature} \index[prmindexfull]{Boundary temperature model!Box!Left temperature} %
    set %%\hyperref[parameters:Boundary temperature model/Box/Right temperature]{Right temperature}%  = 0%% \index[prmindex]{Right temperature} \index[prmindexfull]{Boundary temperature model!Box!Right temperature} %
    set %%\hyperref[parameters:Boundary temperature model/Box/Top temperature]{Top temperature}%    = 0%% \index[prmindex]{Top temperature} \index[prmindexfull]{Boundary temperature model!Box!Top temperature} %
  end
end


# We then also have to prescribe several other parts of the model
# such as which boundaries actually carry a prescribed boundary
# temperature (as described in the documentation of the `box'
# geometry, boundaries 2 and 3 are the bottom and top boundaries)
# whereas all other parts of the boundary are insulated (i.e.,
# no heat flux through these boundaries; this is also often used
# to specify symmetry boundaries).
subsection %%\hyperref[parameters:Model_20settings]{Model settings}%
  set %%\hyperref[parameters:Model settings/Fixed temperature boundary indicators]{Fixed temperature boundary indicators}%   = bottom, top%% \index[prmindex]{Fixed temperature boundary indicators} \index[prmindexfull]{Model settings!Fixed temperature boundary indicators} %

  # The next parameters then describe on which parts of the
  # boundary we prescribe a zero or nonzero velocity and
  # on which parts the flow is allowed to be tangential.
  # Here, all four sides of the box allow tangential
  # unrestricted flow but with a zero normal component:
  set %%\hyperref[parameters:Model settings/Zero velocity boundary indicators]{Zero velocity boundary indicators}%       =%% \index[prmindex]{Zero velocity boundary indicators} \index[prmindexfull]{Model settings!Zero velocity boundary indicators} %
  set %%\hyperref[parameters:Model settings/Prescribed velocity boundary indicators]{Prescribed velocity boundary indicators}% =%% \index[prmindex]{Prescribed velocity boundary indicators} \index[prmindexfull]{Model settings!Prescribed velocity boundary indicators} %
  set %%\hyperref[parameters:Model settings/Tangential velocity boundary indicators]{Tangential velocity boundary indicators}% = left, right, bottom, top%% \index[prmindex]{Tangential velocity boundary indicators} \index[prmindexfull]{Model settings!Tangential velocity boundary indicators} %

  # The final part of this section describes whether we
  # want to include adiabatic heating (from a small
  # compressibility of the medium) or from shear friction,
  # as well as the rate of internal heating. We do not
  # want to use any of these options here:
  set %%\hyperref[parameters:Model settings/Include adiabatic heating]{Include adiabatic heating}%               = false%% \index[prmindex]{Include adiabatic heating} \index[prmindexfull]{Model settings!Include adiabatic heating} %
  set %%\hyperref[parameters:Model settings/Include shear heating]{Include shear heating}%                   = false%% \index[prmindex]{Include shear heating} \index[prmindexfull]{Model settings!Include shear heating} %
end


# The following two sections describe first the
# direction (vertical) and magnitude of gravity and the
# material model (i.e., density, viscosity, etc). We have
# discussed the settings used here in the introduction to
# this cookbook in the manual already.
subsection %%\hyperref[parameters:Gravity_20model]{Gravity model}%
  set %%\hyperref[parameters:Gravity model/Model name]{Model name}% = vertical%% \index[prmindex]{Model name} \index[prmindexfull]{Gravity model!Model name} %

  subsection %%\hyperref[parameters:Gravity_20model/Vertical]{Vertical}%
    set %%\hyperref[parameters:Gravity model/Vertical/Magnitude]{Magnitude}% = 1e14   # = Ra / Thermal expansion coefficient%% \index[prmindex]{Magnitude} \index[prmindexfull]{Gravity model!Vertical!Magnitude} %
  end
end


subsection %%\hyperref[parameters:Material_20model]{Material model}%
  set %%\hyperref[parameters:Material model/Model name]{Model name}% = simple # default:%% \index[prmindex]{Model name} \index[prmindexfull]{Material model!Model name} %

  subsection %%\hyperref[parameters:Material_20model/Simple_20model]{Simple model}%
    set %%\hyperref[parameters:Material model/Simple model/Reference density]{Reference density}%             = 1%% \index[prmindex]{Reference density} \index[prmindexfull]{Material model!Simple model!Reference density} %
    set %%\hyperref[parameters:Material model/Simple model/Reference specific heat]{Reference specific heat}%       = 1%% \index[prmindex]{Reference specific heat} \index[prmindexfull]{Material model!Simple model!Reference specific heat} %
    set %%\hyperref[parameters:Material model/Simple model/Reference temperature]{Reference temperature}%         = 0%% \index[prmindex]{Reference temperature} \index[prmindexfull]{Material model!Simple model!Reference temperature} %
    set %%\hyperref[parameters:Material model/Simple model/Thermal conductivity]{Thermal conductivity}%          = 1%% \index[prmindex]{Thermal conductivity} \index[prmindexfull]{Material model!Simple model!Thermal conductivity} %
    set %%\hyperref[parameters:Material model/Simple model/Thermal expansion coefficient]{Thermal expansion coefficient}% = 1e-10%% \index[prmindex]{Thermal expansion coefficient} \index[prmindexfull]{Material model!Simple model!Thermal expansion coefficient} %
    set %%\hyperref[parameters:Material model/Simple model/Viscosity]{Viscosity}%                     = 1%% \index[prmindex]{Viscosity} \index[prmindexfull]{Material model!Simple model!Viscosity} %
  end
end


# The settings above all pertain to the description of the
# continuous partial differential equations we want to solve.
# The following section deals with the discretization of
# this problem, namely the kind of mesh we want to compute
# on. We here use a globally refined mesh without
# adaptive mesh refinement.
subsection %%\hyperref[parameters:Mesh_20refinement]{Mesh refinement}%
  set %%\hyperref[parameters:Mesh refinement/Initial global refinement]{Initial global refinement}%                = 4%% \index[prmindex]{Initial global refinement} \index[prmindexfull]{Mesh refinement!Initial global refinement} %
  set %%\hyperref[parameters:Mesh refinement/Initial adaptive refinement]{Initial adaptive refinement}%              = 0%% \index[prmindex]{Initial adaptive refinement} \index[prmindexfull]{Mesh refinement!Initial adaptive refinement} %
  set %%\hyperref[parameters:Mesh refinement/Time steps between mesh refinement]{Time steps between mesh refinement}%       = 0%% \index[prmindex]{Time steps between mesh refinement} \index[prmindexfull]{Mesh refinement!Time steps between mesh refinement} %
end


# The final part is to specify what ASPECT should do with the
# solution once computed at the end of every time step. The
# process of evaluating the solution is called `postprocessing'
# and we choose to compute velocity and temperature statistics,
# statistics about the heat flux through the boundaries of the
# domain, and to generate graphical output files for later
# visualization. These output files are created every time
# a time step crosses time points separated by 0.01. Given
# our start time (zero) and final time (0.5) this means that
# we will obtain 50 output files.
subsection %%\hyperref[parameters:Postprocess]{Postprocess}%
  set %%\hyperref[parameters:Postprocess/List of postprocessors]{List of postprocessors}% = velocity statistics, temperature statistics, ...%% \index[prmindex]{List of postprocessors} \index[prmindexfull]{Postprocess!List of postprocessors} %
                                           ... heat flux statistics, visualization

  subsection %%\hyperref[parameters:Postprocess/Visualization]{Visualization}%
    set %%\hyperref[parameters:Postprocess/Visualization/Time between graphical output]{Time between graphical output}% = 0.01%% \index[prmindex]{Time between graphical output} \index[prmindexfull]{Postprocess!Visualization!Time between graphical output} %
  end
end
