############### Global parameters

set %%\hyperref[parameters:Dimension]{Dimension}%                              = 2%% \index[prmindex]{Dimension} \index[prmindexfull]{Dimension} %
set %%\hyperref[parameters:Start time]{Start time}%                             = 0%% \index[prmindex]{Start time} \index[prmindexfull]{Start time} %
set %%\hyperref[parameters:End time]{End time}%                               = 20%% \index[prmindex]{End time} \index[prmindexfull]{End time} %
set %%\hyperref[parameters:Use years in output instead of seconds]{Use years in output instead of seconds}% = false%% \index[prmindex]{Use years in output instead of seconds} \index[prmindexfull]{Use years in output instead of seconds} %
set %%\hyperref[parameters:Output directory]{Output directory}%                       = output%% \index[prmindex]{Output directory} \index[prmindexfull]{Output directory} %


############### Parameters describing the model
# Let us here choose again a box domain of size 2x1
# where we fix the temperature at the bottom and top,
# allow free slip along the bottom, left and right,
# and prescribe the velocity along the top using the
# `function' description.

subsection %%\hyperref[parameters:Geometry_20model]{Geometry model}%
  set %%\hyperref[parameters:Geometry model/Model name]{Model name}% = box%% \index[prmindex]{Model name} \index[prmindexfull]{Geometry model!Model name} %

  subsection %%\hyperref[parameters:Geometry_20model/Box]{Box}%
    set %%\hyperref[parameters:Geometry model/Box/X extent]{X extent}% = 2%% \index[prmindex]{X extent} \index[prmindexfull]{Geometry model!Box!X extent} %
    set %%\hyperref[parameters:Geometry model/Box/Y extent]{Y extent}% = 1%% \index[prmindex]{Y extent} \index[prmindexfull]{Geometry model!Box!Y extent} %
  end
end


subsection %%\hyperref[parameters:Model_20settings]{Model settings}%
  set %%\hyperref[parameters:Model settings/Fixed temperature boundary indicators]{Fixed temperature boundary indicators}%   = bottom, top%% \index[prmindex]{Fixed temperature boundary indicators} \index[prmindexfull]{Model settings!Fixed temperature boundary indicators} %
  set %%\hyperref[parameters:Model settings/Zero velocity boundary indicators]{Zero velocity boundary indicators}%       =%% \index[prmindex]{Zero velocity boundary indicators} \index[prmindexfull]{Model settings!Zero velocity boundary indicators} %
  set %%\hyperref[parameters:Model settings/Tangential velocity boundary indicators]{Tangential velocity boundary indicators}% = left, right, bottom%% \index[prmindex]{Tangential velocity boundary indicators} \index[prmindexfull]{Model settings!Tangential velocity boundary indicators} %
  set %%\hyperref[parameters:Model settings/Prescribed velocity boundary indicators]{Prescribed velocity boundary indicators}% = top: function%% \index[prmindex]{Prescribed velocity boundary indicators} \index[prmindexfull]{Model settings!Prescribed velocity boundary indicators} %
end


# We then set the temperature to one at the bottom and zero
# at the top:
subsection %%\hyperref[parameters:Boundary_20temperature_20model]{Boundary temperature model}%
  set %%\hyperref[parameters:Boundary temperature model/Model name]{Model name}% = box%% \index[prmindex]{Model name} \index[prmindexfull]{Boundary temperature model!Model name} %

  subsection %%\hyperref[parameters:Boundary_20temperature_20model/Box]{Box}%
    set %%\hyperref[parameters:Boundary temperature model/Box/Bottom temperature]{Bottom temperature}% = 1%% \index[prmindex]{Bottom temperature} \index[prmindexfull]{Boundary temperature model!Box!Bottom temperature} %
    set %%\hyperref[parameters:Boundary temperature model/Box/Top temperature]{Top temperature}%    = 0%% \index[prmindex]{Top temperature} \index[prmindexfull]{Boundary temperature model!Box!Top temperature} %
  end
end


# The velocity along the top boundary models a spreading
# center that is moving left and right:
subsection %%\hyperref[parameters:Boundary_20velocity_20model]{Boundary velocity model}%
  subsection %%\hyperref[parameters:Boundary_20velocity_20model/Function]{Function}%
    set %%\hyperref[parameters:Boundary velocity model/Function/Variable names]{Variable names}%      = x,z,t%% \index[prmindex]{Variable names} \index[prmindexfull]{Boundary velocity model!Function!Variable names} %
    set %%\hyperref[parameters:Boundary velocity model/Function/Function constants]{Function constants}%  = pi=3.1415926%% \index[prmindex]{Function constants} \index[prmindexfull]{Boundary velocity model!Function!Function constants} %
    set %%\hyperref[parameters:Boundary velocity model/Function/Function expression]{Function expression}% = if(x>1+sin(0.5*pi*t), 1, -1); 0%% \index[prmindex]{Function expression} \index[prmindexfull]{Boundary velocity model!Function!Function expression} %
  end
end


# We then choose a vertical gravity model and describe the
# initial temperature with a vertical gradient. The default
# strength for gravity is one. The material model is the
# same as before.
subsection %%\hyperref[parameters:Gravity_20model]{Gravity model}%
  set %%\hyperref[parameters:Gravity model/Model name]{Model name}% = vertical%% \index[prmindex]{Model name} \index[prmindexfull]{Gravity model!Model name} %
end


subsection %%\hyperref[parameters:Initial_20conditions]{Initial conditions}%
  set %%\hyperref[parameters:Initial conditions/Model name]{Model name}% = function%% \index[prmindex]{Model name} \index[prmindexfull]{Initial conditions!Model name} %

  subsection %%\hyperref[parameters:Initial_20conditions/Function]{Function}%
    set %%\hyperref[parameters:Initial conditions/Function/Variable names]{Variable names}%      = x,z%% \index[prmindex]{Variable names} \index[prmindexfull]{Initial conditions!Function!Variable names} %
    set %%\hyperref[parameters:Initial conditions/Function/Function expression]{Function expression}% = (1-z)%% \index[prmindex]{Function expression} \index[prmindexfull]{Initial conditions!Function!Function expression} %
  end
end


subsection %%\hyperref[parameters:Material_20model]{Material model}%
  set %%\hyperref[parameters:Material model/Model name]{Model name}% = simple%% \index[prmindex]{Model name} \index[prmindexfull]{Material model!Model name} %

  subsection %%\hyperref[parameters:Material_20model/Simple_20model]{Simple model}%
    set %%\hyperref[parameters:Material model/Simple model/Thermal conductivity]{Thermal conductivity}%          = 1e-6%% \index[prmindex]{Thermal conductivity} \index[prmindexfull]{Material model!Simple model!Thermal conductivity} %
    set %%\hyperref[parameters:Material model/Simple model/Thermal expansion coefficient]{Thermal expansion coefficient}% = 1e-4%% \index[prmindex]{Thermal expansion coefficient} \index[prmindexfull]{Material model!Simple model!Thermal expansion coefficient} %
    set %%\hyperref[parameters:Material model/Simple model/Viscosity]{Viscosity}%                     = 1%% \index[prmindex]{Viscosity} \index[prmindexfull]{Material model!Simple model!Viscosity} %
  end
end


# The final part of this input file describes how many times the
# mesh is refined and what to do with the solution once computed
subsection %%\hyperref[parameters:Mesh_20refinement]{Mesh refinement}%
  set %%\hyperref[parameters:Mesh refinement/Initial adaptive refinement]{Initial adaptive refinement}%        = 0%% \index[prmindex]{Initial adaptive refinement} \index[prmindexfull]{Mesh refinement!Initial adaptive refinement} %
  set %%\hyperref[parameters:Mesh refinement/Initial global refinement]{Initial global refinement}%          = 5%% \index[prmindex]{Initial global refinement} \index[prmindexfull]{Mesh refinement!Initial global refinement} %
  set %%\hyperref[parameters:Mesh refinement/Time steps between mesh refinement]{Time steps between mesh refinement}% = 0%% \index[prmindex]{Time steps between mesh refinement} \index[prmindexfull]{Mesh refinement!Time steps between mesh refinement} %
end


subsection %%\hyperref[parameters:Postprocess]{Postprocess}%
  set %%\hyperref[parameters:Postprocess/List of postprocessors]{List of postprocessors}% = visualization, temperature statistics, heat flux statistics%% \index[prmindex]{List of postprocessors} \index[prmindexfull]{Postprocess!List of postprocessors} %

  subsection %%\hyperref[parameters:Postprocess/Visualization]{Visualization}%
    set %%\hyperref[parameters:Postprocess/Visualization/Time between graphical output]{Time between graphical output}% = 0.1%% \index[prmindex]{Time between graphical output} \index[prmindexfull]{Postprocess!Visualization!Time between graphical output} %
  end
end
