set %%\hyperref[parameters:Dimension]{Dimension}%                              = 2 %% \index[prmindex]{Dimension} \index[prmindexfull]{Dimension} %
set %%\hyperref[parameters:Use years in output instead of seconds]{Use years in output instead of seconds}% = true %% \index[prmindex]{Use years in output instead of seconds} \index[prmindexfull]{Use years in output instead of seconds} %
set %%\hyperref[parameters:End time]{End time}%                               = 1.5e9 %% \index[prmindex]{End time} \index[prmindexfull]{End time} %
set %%\hyperref[parameters:Output directory]{Output directory}%                       = output %% \index[prmindex]{Output directory} \index[prmindexfull]{Output directory} %


subsection %%\hyperref[parameters:Material_20model]{Material model}%
  set %%\hyperref[parameters:Material model/Model name]{Model name}% = simple %% \index[prmindex]{Model name} \index[prmindexfull]{Material model!Model name} %

  subsection %%\hyperref[parameters:Material_20model/Simple_20model]{Simple model}%
    set %%\hyperref[parameters:Material model/Simple model/Thermal expansion coefficient]{Thermal expansion coefficient}% = 4e-5 %% \index[prmindex]{Thermal expansion coefficient} \index[prmindexfull]{Material model!Simple model!Thermal expansion coefficient} %
    set %%\hyperref[parameters:Material model/Simple model/Viscosity]{Viscosity}%                     = 1e22 %% \index[prmindex]{Viscosity} \index[prmindexfull]{Material model!Simple model!Viscosity} %
  end
end


subsection %%\hyperref[parameters:Geometry_20model]{Geometry model}%
  set %%\hyperref[parameters:Geometry model/Model name]{Model name}% = spherical shell %% \index[prmindex]{Model name} \index[prmindexfull]{Geometry model!Model name} %

  subsection %%\hyperref[parameters:Geometry_20model/Spherical_20shell]{Spherical shell}%
    set %%\hyperref[parameters:Geometry model/Spherical shell/Inner radius]{Inner radius}%  = 3481000 %% \index[prmindex]{Inner radius} \index[prmindexfull]{Geometry model!Spherical shell!Inner radius} %
    set %%\hyperref[parameters:Geometry model/Spherical shell/Outer radius]{Outer radius}%  = 6336000 %% \index[prmindex]{Outer radius} \index[prmindexfull]{Geometry model!Spherical shell!Outer radius} %
    set %%\hyperref[parameters:Geometry model/Spherical shell/Opening angle]{Opening angle}% = 90 %% \index[prmindex]{Opening angle} \index[prmindexfull]{Geometry model!Spherical shell!Opening angle} %
  end
end


subsection %%\hyperref[parameters:Model_20settings]{Model settings}%
  set %%\hyperref[parameters:Model settings/Zero velocity boundary indicators]{Zero velocity boundary indicators}%       = inner%% \index[prmindex]{Zero velocity boundary indicators} \index[prmindexfull]{Model settings!Zero velocity boundary indicators} %
  set %%\hyperref[parameters:Model settings/Tangential velocity boundary indicators]{Tangential velocity boundary indicators}% = outer, left, right%% \index[prmindex]{Tangential velocity boundary indicators} \index[prmindexfull]{Model settings!Tangential velocity boundary indicators} %
  set %%\hyperref[parameters:Model settings/Prescribed velocity boundary indicators]{Prescribed velocity boundary indicators}% = %% \index[prmindex]{Prescribed velocity boundary indicators} \index[prmindexfull]{Model settings!Prescribed velocity boundary indicators} %

  set %%\hyperref[parameters:Model settings/Fixed temperature boundary indicators]{Fixed temperature boundary indicators}%   = inner, outer%% \index[prmindex]{Fixed temperature boundary indicators} \index[prmindexfull]{Model settings!Fixed temperature boundary indicators} %

  set %%\hyperref[parameters:Model settings/Include shear heating]{Include shear heating}%                   = true %% \index[prmindex]{Include shear heating} \index[prmindexfull]{Model settings!Include shear heating} %
end


subsection %%\hyperref[parameters:Boundary_20temperature_20model]{Boundary temperature model}%
  set %%\hyperref[parameters:Boundary temperature model/Model name]{Model name}% = spherical constant %% \index[prmindex]{Model name} \index[prmindexfull]{Boundary temperature model!Model name} %
  subsection %%\hyperref[parameters:Boundary_20temperature_20model/Spherical_20constant]{Spherical constant}%
    set %%\hyperref[parameters:Boundary temperature model/Spherical constant/Inner temperature]{Inner temperature}% = 4273 %% \index[prmindex]{Inner temperature} \index[prmindexfull]{Boundary temperature model!Spherical constant!Inner temperature} %
    set %%\hyperref[parameters:Boundary temperature model/Spherical constant/Outer temperature]{Outer temperature}% = 973 %% \index[prmindex]{Outer temperature} \index[prmindexfull]{Boundary temperature model!Spherical constant!Outer temperature} %
  end
end


subsection %%\hyperref[parameters:Initial_20conditions]{Initial conditions}%
  set %%\hyperref[parameters:Initial conditions/Model name]{Model name}% = spherical hexagonal perturbation %% \index[prmindex]{Model name} \index[prmindexfull]{Initial conditions!Model name} %
end


subsection %%\hyperref[parameters:Gravity_20model]{Gravity model}%
  set %%\hyperref[parameters:Gravity model/Model name]{Model name}% = radial earth-like %% \index[prmindex]{Model name} \index[prmindexfull]{Gravity model!Model name} %
end


subsection %%\hyperref[parameters:Mesh_20refinement]{Mesh refinement}%
  set %%\hyperref[parameters:Mesh refinement/Initial global refinement]{Initial global refinement}%          = 5 %% \index[prmindex]{Initial global refinement} \index[prmindexfull]{Mesh refinement!Initial global refinement} %
  set %%\hyperref[parameters:Mesh refinement/Initial adaptive refinement]{Initial adaptive refinement}%        = 4 %% \index[prmindex]{Initial adaptive refinement} \index[prmindexfull]{Mesh refinement!Initial adaptive refinement} %
  set %%\hyperref[parameters:Mesh refinement/Strategy]{Strategy}%                           = temperature %% \index[prmindex]{Strategy} \index[prmindexfull]{Mesh refinement!Strategy} %
  set %%\hyperref[parameters:Mesh refinement/Time steps between mesh refinement]{Time steps between mesh refinement}% = 15 %% \index[prmindex]{Time steps between mesh refinement} \index[prmindexfull]{Mesh refinement!Time steps between mesh refinement} %
end


subsection %%\hyperref[parameters:Postprocess]{Postprocess}%
  set %%\hyperref[parameters:Postprocess/List of postprocessors]{List of postprocessors}% = visualization, velocity statistics, temperature statistics, ...%% \index[prmindex]{List of postprocessors} \index[prmindexfull]{Postprocess!List of postprocessors} %
                               ... heat flux statistics, depth average 

  subsection %%\hyperref[parameters:Postprocess/Visualization]{Visualization}%
    set %%\hyperref[parameters:Postprocess/Visualization/Output format]{Output format}%                 = vtu %% \index[prmindex]{Output format} \index[prmindexfull]{Postprocess!Visualization!Output format} %
    set %%\hyperref[parameters:Postprocess/Visualization/Time between graphical output]{Time between graphical output}% = 1e6 %% \index[prmindex]{Time between graphical output} \index[prmindexfull]{Postprocess!Visualization!Time between graphical output} %
    set %%\hyperref[parameters:Postprocess/Visualization/Number of grouped files]{Number of grouped files}%       = 0 %% \index[prmindex]{Number of grouped files} \index[prmindexfull]{Postprocess!Visualization!Number of grouped files} %
  end

  subsection %%\hyperref[parameters:Postprocess/Depth_20average]{Depth average}%
    set %%\hyperref[parameters:Postprocess/Depth average/Time between graphical output]{Time between graphical output}% = 1e6 %% \index[prmindex]{Time between graphical output} \index[prmindexfull]{Postprocess!Depth average!Time between graphical output} %
  end
end
